# JRE version: Java(TM) SE Runtime Environment (8.0_181-b13) (build 1.8.0_181-b13)
# Java VM: Java HotSpot(TM) 64-Bit Server VM (25.181-b13 mixed mode linux-amd64 compressed oops)
Heap:
 PSYoungGen      total 240640K, used 13796K [0x00000000d6f00000, 0x00000000e6a00000, 0x0000000100000000)
  eden space 226816K, 0% used [0x00000000d6f00000,0x00000000d6f00000,0x00000000e4c80000)
  from space 13824K, 99% used [0x00000000e4f00000,0x00000000e5c79270,0x00000000e5c80000)
  to   space 8704K, 0% used [0x00000000e6180000,0x00000000e6180000,0x00000000e6a00000)
 ParOldGen       total 75776K, used 27044K [0x0000000084c00000, 0x0000000089600000, 0x00000000d6f00000)
  object space 75776K, 35% used [0x0000000084c00000,0x0000000086669230,0x0000000089600000)
 Metaspace       used 53339K, capacity 55534K, committed 55728K, reserved 1097728K
  class space    used 7062K, capacity 7487K, committed 7600K, reserved 1048576K
GC Heap History (10 events):
Event: 10,392 GC heap after
Heap after GC invocations=8 (full 1):
 PSYoungGen      total 132608K, used 8125K [0x00000000d6f00000, 0x00000000e1c80000, 0x0000000100000000)
  eden space 123392K, 0% used [0x00000000d6f00000,0x00000000d6f00000,0x00000000de780000)
  from space 9216K, 88% used [0x00000000de780000,0x00000000def6f5b8,0x00000000df080000)
  to   space 10240K, 0% used [0x00000000e1280000,0x00000000e1280000,0x00000000e1c80000)
 ParOldGen       total 57344K, used 9153K [0x0000000084c00000, 0x0000000088400000, 0x00000000d6f00000)
  object space 57344K, 15% used [0x0000000084c00000,0x00000000854f0430,0x0000000088400000)
 Metaspace       used 26422K, capacity 27302K, committed 27568K, reserved 1073152K
  class space    used 3424K, capacity 3633K, committed 3760K, reserved 1048576K
}
Event: 12,802 GC heap before
{Heap before GC invocations=9 (full 1):
 PSYoungGen      total 132608K, used 131517K [0x00000000d6f00000, 0x00000000e1c80000, 0x0000000100000000)
  eden space 123392K, 100% used [0x00000000d6f00000,0x00000000de780000,0x00000000de780000)
  from space 9216K, 88% used [0x00000000de780000,0x00000000def6f5b8,0x00000000df080000)
  to   space 10240K, 0% used [0x00000000e1280000,0x00000000e1280000,0x00000000e1c80000)
 ParOldGen       total 57344K, used 9153K [0x0000000084c00000, 0x0000000088400000, 0x00000000d6f00000)
  object space 57344K, 15% used [0x0000000084c00000,0x00000000854f0430,0x0000000088400000)
 Metaspace       used 33356K, capacity 34802K, committed 35120K, reserved 1079296K
  class space    used 4315K, capacity 4577K, committed 4656K, reserved 1048576K
Event: 12,820 GC heap after
Heap after GC invocations=9 (full 1):
 PSYoungGen      total 163328K, used 10226K [0x00000000d6f00000, 0x00000000e4400000, 0x0000000100000000)
  eden space 153088K, 0% used [0x00000000d6f00000,0x00000000d6f00000,0x00000000e0480000)
  from space 10240K, 99% used [0x00000000e1280000,0x00000000e1c7cae8,0x00000000e1c80000)
  to   space 14336K, 0% used [0x00000000e0480000,0x00000000e0480000,0x00000000e1280000)
 ParOldGen       total 57344K, used 15524K [0x0000000084c00000, 0x0000000088400000, 0x00000000d6f00000)
  object space 57344K, 27% used [0x0000000084c00000,0x0000000085b290a8,0x0000000088400000)
 Metaspace       used 33356K, capacity 34802K, committed 35120K, reserved 1079296K
  class space    used 4315K, capacity 4577K, committed 4656K, reserved 1048576K
}
Event: 12,953 GC heap before
{Heap before GC invocations=10 (full 1):
 PSYoungGen      total 163328K, used 35692K [0x00000000d6f00000, 0x00000000e4400000, 0x0000000100000000)
  eden space 153088K, 16% used [0x00000000d6f00000,0x00000000d87de598,0x00000000e0480000)
  from space 10240K, 99% used [0x00000000e1280000,0x00000000e1c7cae8,0x00000000e1c80000)
  to   space 14336K, 0% used [0x00000000e0480000,0x00000000e0480000,0x00000000e1280000)
 ParOldGen       total 57344K, used 15524K [0x0000000084c00000, 0x0000000088400000, 0x00000000d6f00000)
  object space 57344K, 27% used [0x0000000084c00000,0x0000000085b290a8,0x0000000088400000)
 Metaspace       used 33951K, capacity 35338K, committed 35496K, reserved 1081344K
  class space    used 4379K, capacity 4645K, committed 4656K, reserved 1048576K
Event: 12,988 GC heap after
Heap after GC invocations=10 (full 1):
 PSYoungGen      total 167424K, used 8765K [0x00000000d6f00000, 0x00000000e6f80000, 0x0000000100000000)
  eden space 153088K, 0% used [0x00000000d6f00000,0x00000000d6f00000,0x00000000e0480000)
  from space 14336K, 61% used [0x00000000e0480000,0x00000000e0d0f7e0,0x00000000e1280000)
  to   space 14336K, 0% used [0x00000000e6180000,0x00000000e6180000,0x00000000e6f80000)
 ParOldGen       total 57344K, used 17796K [0x0000000084c00000, 0x0000000088400000, 0x00000000d6f00000)
  object space 57344K, 31% used [0x0000000084c00000,0x0000000085d610c8,0x0000000088400000)
 Metaspace       used 33951K, capacity 35338K, committed 35496K, reserved 1081344K
  class space    used 4379K, capacity 4645K, committed 4656K, reserved 1048576K
}
Event: 12,988 GC heap before
{Heap before GC invocations=11 (full 2):
 PSYoungGen      total 167424K, used 8765K [0x00000000d6f00000, 0x00000000e6f80000, 0x0000000100000000)
  eden space 153088K, 0% used [0x00000000d6f00000,0x00000000d6f00000,0x00000000e0480000)
  from space 14336K, 61% used [0x00000000e0480000,0x00000000e0d0f7e0,0x00000000e1280000)
  to   space 14336K, 0% used [0x00000000e6180000,0x00000000e6180000,0x00000000e6f80000)
 ParOldGen       total 57344K, used 17796K [0x0000000084c00000, 0x0000000088400000, 0x00000000d6f00000)
  object space 57344K, 31% used [0x0000000084c00000,0x0000000085d610c8,0x0000000088400000)
 Metaspace       used 33951K, capacity 35338K, committed 35496K, reserved 1081344K
  class space    used 4379K, capacity 4645K, committed 4656K, reserved 1048576K
Event: 13,103 GC heap after
Heap after GC invocations=11 (full 2):
 PSYoungGen      total 167424K, used 0K [0x00000000d6f00000, 0x00000000e6f80000, 0x0000000100000000)
  eden space 153088K, 0% used [0x00000000d6f00000,0x00000000d6f00000,0x00000000e0480000)
  from space 14336K, 0% used [0x00000000e0480000,0x00000000e0480000,0x00000000e1280000)
  to   space 14336K, 0% used [0x00000000e6180000,0x00000000e6180000,0x00000000e6f80000)
 ParOldGen       total 75776K, used 18356K [0x0000000084c00000, 0x0000000089600000, 0x00000000d6f00000)
  object space 75776K, 24% used [0x0000000084c00000,0x0000000085ded338,0x0000000089600000)
 Metaspace       used 33951K, capacity 35338K, committed 35496K, reserved 1081344K
  class space    used 4379K, capacity 4645K, committed 4656K, reserved 1048576K
}
Event: 16,131 GC heap before
{Heap before GC invocations=12 (full 2):
 PSYoungGen      total 167424K, used 153088K [0x00000000d6f00000, 0x00000000e6f80000, 0x0000000100000000)
  eden space 153088K, 100% used [0x00000000d6f00000,0x00000000e0480000,0x00000000e0480000)
  from space 14336K, 0% used [0x00000000e0480000,0x00000000e0480000,0x00000000e1280000)
  to   space 14336K, 0% used [0x00000000e6180000,0x00000000e6180000,0x00000000e6f80000)
 ParOldGen       total 75776K, used 18356K [0x0000000084c00000, 0x0000000089600000, 0x00000000d6f00000)
  object space 75776K, 24% used [0x0000000084c00000,0x0000000085ded338,0x0000000089600000)
 Metaspace       used 40044K, capacity 41868K, committed 42160K, reserved 1085440K
  class space    used 5125K, capacity 5478K, committed 5552K, reserved 1048576K
Event: 16,161 GC heap after
Heap after GC invocations=12 (full 2):
 PSYoungGen      total 235520K, used 8428K [0x00000000d6f00000, 0x00000000e6a00000, 0x0000000100000000)
  eden space 226816K, 0% used [0x00000000d6f00000,0x00000000d6f00000,0x00000000e4c80000)
  from space 8704K, 96% used [0x00000000e6180000,0x00000000e69bb020,0x00000000e6a00000)
  to   space 13824K, 0% used [0x00000000e4f00000,0x00000000e4f00000,0x00000000e5c80000)
 ParOldGen       total 75776K, used 18364K [0x0000000084c00000, 0x0000000089600000, 0x00000000d6f00000)
  object space 75776K, 24% used [0x0000000084c00000,0x0000000085def338,0x0000000089600000)
 Metaspace       used 40044K, capacity 41868K, committed 42160K, reserved 1085440K
  class space    used 5125K, capacity 5478K, committed 5552K, reserved 1048576K
}
Event: 25,547 GC heap before
{Heap before GC invocations=13 (full 2):
 PSYoungGen      total 235520K, used 235244K [0x00000000d6f00000, 0x00000000e6a00000, 0x0000000100000000)
  eden space 226816K, 100% used [0x00000000d6f00000,0x00000000e4c80000,0x00000000e4c80000)
  from space 8704K, 96% used [0x00000000e6180000,0x00000000e69bb020,0x00000000e6a00000)
  to   space 13824K, 0% used [0x00000000e4f00000,0x00000000e4f00000,0x00000000e5c80000)
 ParOldGen       total 75776K, used 18364K [0x0000000084c00000, 0x0000000089600000, 0x00000000d6f00000)
  object space 75776K, 24% used [0x0000000084c00000,0x0000000085def338,0x0000000089600000)
 Metaspace       used 53339K, capacity 55534K, committed 55728K, reserved 1097728K
  class space    used 7062K, capacity 7487K, committed 7600K, reserved 1048576K

